<?xml version="1.0" encoding="UTF-8"?>
<!-- Generated by org.testng.reporters.JUnitReportReporter -->
<testsuite skipped="0" hostname="LokeshBS" name="com.inetbanking.testcases.TC_NewCustomer_003" tests="1" failures="0" timestamp="2020-07-13T16:26:50 IST" time="31.849" errors="0">
  <testcase name="newCustomerTest" time="31.849" classname="com.inetbanking.testcases.TC_NewCustomer_003"/>
  <system-out/>
</testsuite> <!-- com.inetbanking.testcases.TC_NewCustomer_003 -->
