<?xml version="1.0" encoding="UTF-8"?>
<!-- Generated by org.testng.reporters.JUnitReportReporter -->
<testsuite skipped="0" hostname="LokeshBS" name="com.inetbanking.testcases.TC_LoginPage_001" tests="1" failures="0" timestamp="2020-07-11T23:18:10 IST" time="2.833" errors="0">
  <testcase name="loginPageTests" time="2.833" classname="com.inetbanking.testcases.TC_LoginPage_001"/>
  <system-out/>
</testsuite> <!-- com.inetbanking.testcases.TC_LoginPage_001 -->
